<?xml version="1.0" encoding="UTF-8"?>
<!-- Generated by org.testng.reporters.JUnitXMLReporter -->
<testsuite hostname="Rajeswari" name="Test" tests="1" failures="1" timestamp="17 Jan 2014 23:43:49 GMT" time="0.151" errors="0">
  <testcase name="f" time="0.146" classname="com.etouch.fox.common.OneTest">
    <failure type="java.lang.NullPointerException">
      <![CDATA[java.lang.NullPointerException
	at com.etouch.fox.common.OneTest.f(OneTest.java:31)
	at com.etouch.taf.core.TestBedManager.executeTestNG(TestBedManager.java:123)
	at com.etouch.fox.common.BaseTest.exceuteTestNGFile(BaseTest.java:158)
	at com.etouch.fox.common.BaseTest.main(BaseTest.java:99)
... Removed 21 stack frames]]>
    </failure>
  </testcase> <!-- f -->
</testsuite> <!-- Test -->
